<?xml version="1.0" encoding="UTF-8"?>
<testng-results ignored="0" total="1" passed="1" failed="0" skipped="0">
  <reporter-output>
  </reporter-output>
  <suite started-at="2021-04-18T21:26:47 IST" name="Default suite" finished-at="2021-04-18T21:27:02 IST" duration-ms="15568">
    <groups>
    </groups>
    <test started-at="2021-04-18T21:26:47 IST" name="Default test" finished-at="2021-04-18T21:27:02 IST" duration-ms="15568">
      <class name="com.organiassignment.TestScripts.OrganizationNotifyOwnerSelectOptionIsEnabledOrNot">
        <test-method is-config="true" signature="configBeforeClass()[pri:0, instance:com.organiassignment.TestScripts.OrganizationNotifyOwnerSelectOptionIsEnabledOrNot@2f8dad04]" started-at="2021-04-18T21:26:47 IST" name="configBeforeClass" finished-at="2021-04-18T21:26:49 IST" duration-ms="2435" status="PASS">
          <reporter-output>
          </reporter-output>
        </test-method> <!-- configBeforeClass -->
        <test-method is-config="true" signature="configBeforeMethod()[pri:0, instance:com.organiassignment.TestScripts.OrganizationNotifyOwnerSelectOptionIsEnabledOrNot@2f8dad04]" started-at="2021-04-18T21:26:49 IST" name="configBeforeMethod" finished-at="2021-04-18T21:26:54 IST" duration-ms="4327" status="PASS">
          <reporter-output>
          </reporter-output>
        </test-method> <!-- configBeforeMethod -->
        <test-method signature="organAssignToMarketingGroup()[pri:0, instance:com.organiassignment.TestScripts.OrganizationNotifyOwnerSelectOptionIsEnabledOrNot@2f8dad04]" started-at="2021-04-18T21:26:54 IST" name="organAssignToMarketingGroup" finished-at="2021-04-18T21:27:00 IST" duration-ms="6491" status="PASS">
          <reporter-output>
          </reporter-output>
        </test-method> <!-- organAssignToMarketingGroup -->
        <test-method is-config="true" signature="configAfterMethod()[pri:0, instance:com.organiassignment.TestScripts.OrganizationNotifyOwnerSelectOptionIsEnabledOrNot@2f8dad04]" started-at="2021-04-18T21:27:00 IST" name="configAfterMethod" finished-at="2021-04-18T21:27:01 IST" duration-ms="1332" status="PASS">
          <reporter-output>
          </reporter-output>
        </test-method> <!-- configAfterMethod -->
        <test-method is-config="true" signature="configAfterClass()[pri:0, instance:com.organiassignment.TestScripts.OrganizationNotifyOwnerSelectOptionIsEnabledOrNot@2f8dad04]" started-at="2021-04-18T21:27:01 IST" name="configAfterClass" finished-at="2021-04-18T21:27:02 IST" duration-ms="927" status="PASS">
          <reporter-output>
          </reporter-output>
        </test-method> <!-- configAfterClass -->
      </class> <!-- com.organiassignment.TestScripts.OrganizationNotifyOwnerSelectOptionIsEnabledOrNot -->
    </test> <!-- Default test -->
  </suite> <!-- Default suite -->
</testng-results>
