<?xml version="1.0" encoding="UTF-8"?>
<testng-results ignored="0" total="1" passed="1" failed="0" skipped="0">
  <reporter-output>
  </reporter-output>
  <suite started-at="2021-04-13T21:27:42 IST" name="Default suite" finished-at="2021-04-13T21:28:26 IST" duration-ms="44451">
    <groups>
    </groups>
    <test started-at="2021-04-13T21:27:42 IST" name="Default test" finished-at="2021-04-13T21:28:26 IST" duration-ms="44451">
      <class name="com.organizationTestScripts.CreateOrganization">
        <test-method is-config="true" signature="configBeforeClass()[pri:0, instance:com.organizationTestScripts.CreateOrganization@2f8dad04]" started-at="2021-04-13T21:27:42 IST" name="configBeforeClass" finished-at="2021-04-13T21:27:44 IST" duration-ms="2291" status="PASS">
          <reporter-output>
          </reporter-output>
        </test-method> <!-- configBeforeClass -->
        <test-method is-config="true" signature="configBeforeMethod()[pri:0, instance:com.organizationTestScripts.CreateOrganization@2f8dad04]" started-at="2021-04-13T21:27:44 IST" name="configBeforeMethod" finished-at="2021-04-13T21:27:59 IST" duration-ms="15337" status="PASS">
          <reporter-output>
          </reporter-output>
        </test-method> <!-- configBeforeMethod -->
        <test-method signature="createOrg()[pri:0, instance:com.organizationTestScripts.CreateOrganization@2f8dad04]" started-at="2021-04-13T21:27:59 IST" name="createOrg" finished-at="2021-04-13T21:28:24 IST" duration-ms="24409" status="PASS">
          <reporter-output>
          </reporter-output>
        </test-method> <!-- createOrg -->
        <test-method is-config="true" signature="configAfterMethod()[pri:0, instance:com.organizationTestScripts.CreateOrganization@2f8dad04]" started-at="2021-04-13T21:28:24 IST" name="configAfterMethod" finished-at="2021-04-13T21:28:25 IST" duration-ms="1537" status="PASS">
          <reporter-output>
          </reporter-output>
        </test-method> <!-- configAfterMethod -->
        <test-method is-config="true" signature="configAfterClass()[pri:0, instance:com.organizationTestScripts.CreateOrganization@2f8dad04]" started-at="2021-04-13T21:28:25 IST" name="configAfterClass" finished-at="2021-04-13T21:28:26 IST" duration-ms="827" status="PASS">
          <reporter-output>
          </reporter-output>
        </test-method> <!-- configAfterClass -->
      </class> <!-- com.organizationTestScripts.CreateOrganization -->
    </test> <!-- Default test -->
  </suite> <!-- Default suite -->
</testng-results>
